# JRE version: OpenJDK Runtime Environment GraalVM CE 21.1.0 (16.0.1+9) (build 16.0.1+9-jvmci-21.1-b05)
# Java VM: OpenJDK 64-Bit Server VM GraalVM CE 21.1.0 (16.0.1+9-jvmci-21.1-b05, mixed mode, sharing, tiered, jvmci, jvmci compiler, compressed oops, compressed class ptrs, g1 gc, windows-amd64)
GC Precious Log:
 CPUs: 8 total, 8 available
 Memory: 16330M
 Large Page Support: Disabled
 NUMA Support: Disabled
 Compressed Oops: Enabled (32-bit)
 Heap Region Size: 1M
 Heap Min Capacity: 8M
 Heap Initial Capacity: 256M
 Heap Max Capacity: 1G
 Pre-touch: Disabled
 Parallel Workers: 8
 Concurrent Workers: 2
 Concurrent Refinement Workers: 8
 Periodic GC: Disabled
Heap:
 garbage-first heap   total 81920K, used 53727K [0x00000000c0000000, 0x0000000100000000)
  region size 1024K, 11 young (11264K), 2 survivors (2048K)
 Metaspace       used 61566K, committed 62144K, reserved 1105920K
  class space    used 7930K, committed 8192K, reserved 1048576K
GC Heap History (20 events):
Event: 8.639 GC heap before
{Heap before GC invocations=7 (full 0):
 garbage-first heap   total 75776K, used 40748K [0x00000000c0000000, 0x0000000100000000)
  region size 1024K, 15 young (15360K), 2 survivors (2048K)
 Metaspace       used 35352K, committed 35648K, reserved 1081344K
  class space    used 4636K, committed 4800K, reserved 1048576K
}
Event: 8.641 GC heap after
{Heap after GC invocations=8 (full 0):
 garbage-first heap   total 75776K, used 28983K [0x00000000c0000000, 0x0000000100000000)
  region size 1024K, 3 young (3072K), 3 survivors (3072K)
 Metaspace       used 35352K, committed 35648K, reserved 1081344K
  class space    used 4636K, committed 4800K, reserved 1048576K
}
Event: 9.468 GC heap before
{Heap before GC invocations=9 (full 0):
 garbage-first heap   total 75776K, used 55607K [0x00000000c0000000, 0x0000000100000000)
  region size 1024K, 29 young (29696K), 3 survivors (3072K)
 Metaspace       used 38192K, committed 38528K, reserved 1089536K
  class space    used 5019K, committed 5184K, reserved 1048576K
}
Event: 9.471 GC heap after
{Heap after GC invocations=10 (full 0):
 garbage-first heap   total 75776K, used 30946K [0x00000000c0000000, 0x0000000100000000)
  region size 1024K, 3 young (3072K), 3 survivors (3072K)
 Metaspace       used 38192K, committed 38528K, reserved 1089536K
  class space    used 5019K, committed 5184K, reserved 1048576K
}
Event: 10.045 GC heap before
{Heap before GC invocations=10 (full 0):
 garbage-first heap   total 75776K, used 56546K [0x00000000c0000000, 0x0000000100000000)
  region size 1024K, 28 young (28672K), 3 survivors (3072K)
 Metaspace       used 41845K, committed 42240K, reserved 1089536K
  class space    used 5404K, committed 5568K, reserved 1048576K
}
Event: 10.048 GC heap after
{Heap after GC invocations=11 (full 0):
 garbage-first heap   total 75776K, used 33093K [0x00000000c0000000, 0x0000000100000000)
  region size 1024K, 4 young (4096K), 4 survivors (4096K)
 Metaspace       used 41845K, committed 42240K, reserved 1089536K
  class space    used 5404K, committed 5568K, reserved 1048576K
}
Event: 10.879 GC heap before
{Heap before GC invocations=11 (full 0):
 garbage-first heap   total 75776K, used 58693K [0x00000000c0000000, 0x0000000100000000)
  region size 1024K, 29 young (29696K), 4 survivors (4096K)
 Metaspace       used 45781K, committed 46208K, reserved 1089536K
  class space    used 5941K, committed 6144K, reserved 1048576K
}
Event: 10.883 GC heap after
{Heap after GC invocations=12 (full 0):
 garbage-first heap   total 75776K, used 34415K [0x00000000c0000000, 0x0000000100000000)
  region size 1024K, 2 young (2048K), 2 survivors (2048K)
 Metaspace       used 45781K, committed 46208K, reserved 1089536K
  class space    used 5941K, committed 6144K, reserved 1048576K
}
Event: 11.492 GC heap before
{Heap before GC invocations=12 (full 0):
 garbage-first heap   total 75776K, used 58991K [0x00000000c0000000, 0x0000000100000000)
  region size 1024K, 26 young (26624K), 2 survivors (2048K)
 Metaspace       used 47784K, committed 48256K, reserved 1097728K
  class space    used 6245K, committed 6464K, reserved 1048576K
}
Event: 11.495 GC heap after
{Heap after GC invocations=13 (full 0):
 garbage-first heap   total 75776K, used 37015K [0x00000000c0000000, 0x0000000100000000)
  region size 1024K, 4 young (4096K), 4 survivors (4096K)
 Metaspace       used 47784K, committed 48256K, reserved 1097728K
  class space    used 6245K, committed 6464K, reserved 1048576K
}
Event: 11.878 GC heap before
{Heap before GC invocations=13 (full 0):
 garbage-first heap   total 75776K, used 59543K [0x00000000c0000000, 0x0000000100000000)
  region size 1024K, 26 young (26624K), 4 survivors (4096K)
 Metaspace       used 48338K, committed 48832K, reserved 1097728K
  class space    used 6330K, committed 6592K, reserved 1048576K
}
Event: 11.883 GC heap after
{Heap after GC invocations=14 (full 0):
 garbage-first heap   total 75776K, used 39345K [0x00000000c0000000, 0x0000000100000000)
  region size 1024K, 3 young (3072K), 3 survivors (3072K)
 Metaspace       used 48338K, committed 48832K, reserved 1097728K
  class space    used 6330K, committed 6592K, reserved 1048576K
}
Event: 12.838 GC heap before
{Heap before GC invocations=14 (full 0):
 garbage-first heap   total 75776K, used 59825K [0x00000000c0000000, 0x0000000100000000)
  region size 1024K, 23 young (23552K), 3 survivors (3072K)
 Metaspace       used 55547K, committed 56064K, reserved 1097728K
  class space    used 7152K, committed 7424K, reserved 1048576K
}
Event: 12.841 GC heap after
{Heap after GC invocations=15 (full 0):
 garbage-first heap   total 75776K, used 42165K [0x00000000c0000000, 0x0000000100000000)
  region size 1024K, 3 young (3072K), 3 survivors (3072K)
 Metaspace       used 55547K, committed 56064K, reserved 1097728K
  class space    used 7152K, committed 7424K, reserved 1048576K
}
Event: 13.408 GC heap before
{Heap before GC invocations=16 (full 0):
 garbage-first heap   total 75776K, used 58549K [0x00000000c0000000, 0x0000000100000000)
  region size 1024K, 20 young (20480K), 3 survivors (3072K)
 Metaspace       used 57687K, committed 58240K, reserved 1105920K
  class space    used 7436K, committed 7680K, reserved 1048576K
}
Event: 13.411 GC heap after
{Heap after GC invocations=17 (full 0):
 garbage-first heap   total 75776K, used 43613K [0x00000000c0000000, 0x0000000100000000)
  region size 1024K, 2 young (2048K), 2 survivors (2048K)
 Metaspace       used 57687K, committed 58240K, reserved 1105920K
  class space    used 7436K, committed 7680K, reserved 1048576K
}
Event: 14.377 GC heap before
{Heap before GC invocations=18 (full 0):
 garbage-first heap   total 81920K, used 63069K [0x00000000c0000000, 0x0000000100000000)
  region size 1024K, 18 young (18432K), 2 survivors (2048K)
 Metaspace       used 58806K, committed 59328K, reserved 1105920K
  class space    used 7497K, committed 7744K, reserved 1048576K
}
Event: 14.380 GC heap after
{Heap after GC invocations=19 (full 0):
 garbage-first heap   total 81920K, used 44366K [0x00000000c0000000, 0x0000000100000000)
  region size 1024K, 3 young (3072K), 3 survivors (3072K)
 Metaspace       used 58806K, committed 59328K, reserved 1105920K
  class space    used 7497K, committed 7744K, reserved 1048576K
}
Event: 55.061 GC heap before
{Heap before GC invocations=19 (full 0):
 garbage-first heap   total 81920K, used 65870K [0x00000000c0000000, 0x0000000100000000)
  region size 1024K, 24 young (24576K), 3 survivors (3072K)
 Metaspace       used 61394K, committed 61952K, reserved 1105920K
  class space    used 7922K, committed 8192K, reserved 1048576K
}
Event: 55.066 GC heap after
{Heap after GC invocations=20 (full 0):
 garbage-first heap   total 81920K, used 45535K [0x00000000c0000000, 0x0000000100000000)
  region size 1024K, 2 young (2048K), 2 survivors (2048K)
 Metaspace       used 61394K, committed 61952K, reserved 1105920K
  class space    used 7922K, committed 8192K, reserved 1048576K
}

